[debug] [2021-03-26T23:12:50.310Z] ----------------------------------------------------------------------
[debug] [2021-03-26T23:12:50.313Z] Command:       C:\Program Files\nodejs\node.exe C:\Users\DELL\AppData\Roaming\npm\node_modules\firebase-tools\lib\bin\firebase.js serve
[debug] [2021-03-26T23:12:50.313Z] CLI Version:   9.8.0
[debug] [2021-03-26T23:12:50.313Z] Platform:      win32
[debug] [2021-03-26T23:12:50.313Z] Node Version:  v14.16.0
[debug] [2021-03-26T23:12:50.329Z] Time:          Sat Mar 27 2021 04:42:50 GMT+0530 (India Standard Time)
[debug] [2021-03-26T23:12:50.329Z] ----------------------------------------------------------------------
[debug] 
[debug] [2021-03-26T23:12:50.344Z] > command requires scopes: ["email","openid","https://www.googleapis.com/auth/cloudplatformprojects.readonly","https://www.googleapis.com/auth/firebase","https://www.googleapis.com/auth/cloud-platform"]
[debug] [2021-03-26T23:12:50.345Z] > authorizing via signed-in user
[debug] [2021-03-26T23:12:50.345Z] [iam] checking project rrt-app-database for permissions ["firebase.projects.get"]
[debug] [2021-03-26T23:12:50.351Z] >>> HTTP REQUEST POST https://cloudresourcemanager.googleapis.com/v1/projects/rrt-app-database:testIamPermissions  
 {"permissions":["firebase.projects.get"]}
[debug] [2021-03-26T23:12:52.186Z] <<< HTTP RESPONSE 200 {"content-type":"application/json; charset=UTF-8","vary":"X-Origin, Referer, Origin,Accept-Encoding","date":"Fri, 26 Mar 2021 23:12:51 GMT","server":"ESF","cache-control":"private","x-xss-protection":"0","x-frame-options":"SAMEORIGIN","x-content-type-options":"nosniff","server-timing":"gfet4t7; dur=1348","alt-svc":"h3-29=\":443\"; ma=2592000,h3-T051=\":443\"; ma=2592000,h3-Q050=\":443\"; ma=2592000,h3-Q046=\":443\"; ma=2592000,h3-Q043=\":443\"; ma=2592000,quic=\":443\"; ma=2592000; v=\"46,43\"","accept-ranges":"none","transfer-encoding":"chunked"}
[debug] [2021-03-26T23:12:52.188Z] > refreshing access token with scopes: []
[debug] [2021-03-26T23:12:52.189Z] >>> HTTP REQUEST POST https://www.googleapis.com/oauth2/v3/token  
 <request body omitted>
[debug] [2021-03-26T23:12:52.355Z] <<< HTTP RESPONSE 200 {"cache-control":"no-cache, no-store, max-age=0, must-revalidate","date":"Fri, 26 Mar 2021 23:12:51 GMT","pragma":"no-cache","expires":"Mon, 01 Jan 1990 00:00:00 GMT","content-type":"application/json; charset=utf-8","vary":"X-Origin, Referer, Origin,Accept-Encoding","server":"scaffolding on HTTPServer2","x-xss-protection":"0","x-frame-options":"SAMEORIGIN","x-content-type-options":"nosniff","alt-svc":"h3-29=\":443\"; ma=2592000,h3-T051=\":443\"; ma=2592000,h3-Q050=\":443\"; ma=2592000,h3-Q046=\":443\"; ma=2592000,h3-Q043=\":443\"; ma=2592000,quic=\":443\"; ma=2592000; v=\"46,43\"","accept-ranges":"none","transfer-encoding":"chunked"}
[debug] [2021-03-26T23:12:52.372Z] >>> [apiv2][query] GET https://firebase.googleapis.com/v1beta1/projects/rrt-app-database [none]
[debug] [2021-03-26T23:12:52.854Z] <<< [apiv2][status] GET https://firebase.googleapis.com/v1beta1/projects/rrt-app-database 200
[debug] [2021-03-26T23:12:52.854Z] <<< [apiv2][body] GET https://firebase.googleapis.com/v1beta1/projects/rrt-app-database {"projectId":"rrt-app-database","projectNumber":"19470043858","displayName":"RRT-App-Database","name":"projects/rrt-app-database","resources":{"hostingSite":"rrt-app-database","realtimeDatabaseInstance":"rrt-app-database-default-rtdb","storageBucket":"rrt-app-database.appspot.com","locationId":"us-central"},"state":"ACTIVE"}
[info] 
[info] === Serving from 'C:\Users\DELL\Desktop\TSEC-HACKS\TSEC-HACKS'...
[info] 
[debug] [2021-03-26T23:12:52.857Z] >>> [apiv2][query] GET https://firebase.googleapis.com/v1beta1/projects/rrt-app-database/webApps/-/config [none]
[debug] [2021-03-26T23:12:54.063Z] <<< [apiv2][status] GET https://firebase.googleapis.com/v1beta1/projects/rrt-app-database/webApps/-/config 200
[debug] [2021-03-26T23:12:54.064Z] <<< [apiv2][body] GET https://firebase.googleapis.com/v1beta1/projects/rrt-app-database/webApps/-/config {"projectId":"rrt-app-database","appId":"1:19470043858:web:2f1bb6643f64ea230d3b0b","databaseURL":"https://rrt-app-database-default-rtdb.firebaseio.com","storageBucket":"rrt-app-database.appspot.com","locationId":"us-central","apiKey":"AIzaSyB4jEWKElXdbE3nyDeMBpoteuV0AQbAwQk","authDomain":"rrt-app-database.firebaseapp.com","messagingSenderId":"19470043858","measurementId":"G-1RQERPR1SB"}
[info] i  hosting: Serving hosting files from: public {"metadata":{"emulator":{"name":"hosting"},"message":"Serving hosting files from: \u001b[1mpublic\u001b[22m"}}
[info] +  hosting: Local server: http://localhost:5000 {"metadata":{"emulator":{"name":"hosting"},"message":"Local server: \u001b[4m\u001b[1mhttp://localhost:5000\u001b[22m\u001b[24m"}}
